<?xml version="1.0" encoding="UTF-8"?>
<!-- Generated by org.testng.reporters.JUnitXMLReporter -->
<testsuite ignored="12" hostname="DESKTOP-E04GLGP" failures="3" tests="8" name="TestCase1" time="292.033" errors="0" timestamp="2023-01-20T10:56:43 IST">
  <testcase classname="org.testCases.loginTest" name="validateLogin" time="7.099"/>
  <testcase classname="org.testCases.loginTest" name="validateLogin" time="15.21">
    <failure type="java.lang.AssertionError" message="The following asserts failed:
	expected [true] but found [false]">
      <![CDATA[java.lang.AssertionError: The following asserts failed:
expected [true] but found [false]
at org.testCases.loginTest.validateLogin(loginTest.java:28)
at java.base/java.util.ArrayList.forEach(ArrayList.java:1511)
... Removed 29 stack frames]]>
    </failure>
  </testcase> <!-- validateLogin -->
  <testcase classname="org.testCases.loginTest" name="validateLogin" time="11.92">
    <failure type="java.lang.AssertionError" message="The following asserts failed:
	expected [true] but found [false]">
      <![CDATA[java.lang.AssertionError: The following asserts failed:
expected [true] but found [false]
at org.testCases.loginTest.validateLogin(loginTest.java:28)
at java.base/java.util.ArrayList.forEach(ArrayList.java:1511)
... Removed 29 stack frames]]>
    </failure>
  </testcase> <!-- validateLogin -->
  <testcase classname="org.testCases.loginTest" name="validateLogin" time="13.528">
    <failure type="java.lang.AssertionError" message="The following asserts failed:
	expected [true] but found [false]">
      <![CDATA[java.lang.AssertionError: The following asserts failed:
expected [true] but found [false]
at org.testCases.loginTest.validateLogin(loginTest.java:28)
at java.base/java.util.ArrayList.forEach(ArrayList.java:1511)
... Removed 29 stack frames]]>
    </failure>
  </testcase> <!-- validateLogin -->
  <testcase classname="org.testCases.ShoppingCartTest" name="validateShoppingCart" time="10.831"/>
  <testcase classname="org.testCases.AddToCartTest" name="validateSuccessMsg" time="7.376"/>
  <testcase classname="org.testCases.HomePageTest" name="validateLogo" time="0.11"/>
  <testcase classname="org.testCases.ForgotPasswordTest" name="validateForgotPswd" time="10.622"/>
  <testcase classname="org.testCases.EndToEndTest" name="validateEndToEnd" time="0.0">
    <ignored/>
  </testcase> <!-- validateEndToEnd -->
  <testcase classname="org.testCases.HomePageTest" name="validateMasterImage" time="0.0">
    <ignored/>
  </testcase> <!-- validateMasterImage -->
  <testcase classname="org.baseClass.BaseClass" name="@BeforeTest loadProp" time="0.0">
    <ignored/>
  </testcase> <!-- @BeforeTest loadProp -->
  <testcase classname="org.testCases.RegisterTest" name="validateRegister" time="0.0">
    <ignored/>
  </testcase> <!-- validateRegister -->
  <testcase classname="org.baseClass.BaseClass" name="@BeforeTest loadProp" time="0.0">
    <ignored/>
  </testcase> <!-- @BeforeTest loadProp -->
  <testcase classname="org.baseClass.BaseClass" name="@BeforeTest loadProp" time="0.0">
    <ignored/>
  </testcase> <!-- @BeforeTest loadProp -->
  <testcase classname="org.testCases.SearchTest" name="validateSearchFunction" time="0.0">
    <ignored/>
  </testcase> <!-- validateSearchFunction -->
  <testcase classname="org.baseClass.BaseClass" name="@BeforeTest loadProp" time="0.0">
    <ignored/>
  </testcase> <!-- @BeforeTest loadProp -->
  <testcase classname="org.testCases.HomePageTest" name="validateFeatureImage" time="0.0">
    <ignored/>
  </testcase> <!-- validateFeatureImage -->
  <testcase classname="org.baseClass.BaseClass" name="@BeforeTest loadProp" time="0.0">
    <ignored/>
  </testcase> <!-- @BeforeTest loadProp -->
  <testcase classname="org.baseClass.BaseClass" name="@BeforeTest loadProp" time="0.0">
    <ignored/>
  </testcase> <!-- @BeforeTest loadProp -->
  <testcase classname="org.baseClass.BaseClass" name="@BeforeTest loadProp" time="0.0">
    <ignored/>
  </testcase> <!-- @BeforeTest loadProp -->
</testsuite> <!-- TestCase1 -->
