<?xml version="1.0" encoding="UTF-8"?>
<testng-results ignored="14" total="27" passed="8" failed="5" skipped="0">
  <reporter-output>
  </reporter-output>
  <suite started-at="2023-01-20T18:37:35 IST" name="Suite" finished-at="2023-01-20T18:43:31 IST" duration-ms="355502">
    <groups>
      <group name="Sanity">
        <method signature="AddToCartTest.validateSuccessMsg()[pri:0, instance:org.testCases.AddToCartTest@19e4653c]" name="validateSuccessMsg" class="org.testCases.AddToCartTest"/>
        <method signature="EndToEndTest.validateEndToEnd()[pri:0, instance:org.testCases.EndToEndTest@795509d9]" name="validateEndToEnd" class="org.testCases.EndToEndTest"/>
        <method signature="RegisterTest.validateRegister()[pri:0, instance:org.testCases.RegisterTest@6bbe85a8]" name="validateRegister" class="org.testCases.RegisterTest"/>
        <method signature="loginTest.validateLogin(java.lang.String,java.lang.String)[pri:0, instance:org.testCases.loginTest@1ca3b418]" name="validateLogin" class="org.testCases.loginTest"/>
        <method signature="HomePageTest.validateMasterImage()[pri:2, instance:org.testCases.HomePageTest@5149d738]" name="validateMasterImage" class="org.testCases.HomePageTest"/>
        <method signature="HomePageTest.validateFeatureImage()[pri:3, instance:org.testCases.HomePageTest@5149d738]" name="validateFeatureImage" class="org.testCases.HomePageTest"/>
      </group> <!-- Sanity -->
      <group name="Regression">
        <method signature="EndToEndTest.validateEndToEnd()[pri:0, instance:org.testCases.EndToEndTest@795509d9]" name="validateEndToEnd" class="org.testCases.EndToEndTest"/>
        <method signature="SearchTest.validateSearchFunction()[pri:0, instance:org.testCases.SearchTest@3a7442c7]" name="validateSearchFunction" class="org.testCases.SearchTest"/>
        <method signature="loginTest.validateLogin(java.lang.String,java.lang.String)[pri:0, instance:org.testCases.loginTest@1ca3b418]" name="validateLogin" class="org.testCases.loginTest"/>
      </group> <!-- Regression -->
      <group name="Smoke">
        <method signature="AddToCartTest.validateSuccessMsg()[pri:0, instance:org.testCases.AddToCartTest@19e4653c]" name="validateSuccessMsg" class="org.testCases.AddToCartTest"/>
        <method signature="ForgotPasswordTest.validateForgotPswd()[pri:0, instance:org.testCases.ForgotPasswordTest@53045c6c]" name="validateForgotPswd" class="org.testCases.ForgotPasswordTest"/>
        <method signature="ShoppingCartTest.validateShoppingCart()[pri:0, instance:org.testCases.ShoppingCartTest@4be29ed9]" name="validateShoppingCart" class="org.testCases.ShoppingCartTest"/>
        <method signature="loginTest.validateLogin(java.lang.String,java.lang.String)[pri:0, instance:org.testCases.loginTest@1ca3b418]" name="validateLogin" class="org.testCases.loginTest"/>
        <method signature="HomePageTest.validateLogo()[pri:1, instance:org.testCases.HomePageTest@5149d738]" name="validateLogo" class="org.testCases.HomePageTest"/>
      </group> <!-- Smoke -->
    </groups>
    <test started-at="2023-01-20T18:37:35 IST" name="Test" finished-at="2023-01-20T18:43:31 IST" duration-ms="355502">
      <class name="org.testCases.loginTest">
        <test-method is-config="true" signature="loadReport()[pri:0, instance:org.testCases.loginTest@1ca3b418]" started-at="2023-01-20T18:37:33 IST" name="loadReport" finished-at="2023-01-20T18:37:35 IST" duration-ms="2032" status="PASS">
          <reporter-output>
          </reporter-output>
        </test-method> <!-- loadReport -->
        <test-method is-config="true" signature="setUp(java.lang.String)[pri:0, instance:org.testCases.loginTest@1ca3b418]" started-at="2023-01-20T18:37:37 IST" name="setUp" finished-at="2023-01-20T18:38:09 IST" duration-ms="32771" status="PASS">
          <params>
            <param index="0">
              <value>
                <![CDATA[Edge]]>
              </value>
            </param>
          </params>
          <reporter-output>
          </reporter-output>
        </test-method> <!-- setUp -->
        <test-method signature="validateLogin(java.lang.String,java.lang.String)[pri:0, instance:org.testCases.loginTest@1ca3b418]" started-at="2023-01-20T18:38:09 IST" name="validateLogin" data-provider="credentials" finished-at="2023-01-20T18:38:12 IST" duration-ms="3035" status="PASS">
          <params>
            <param index="0">
              <value>
                <![CDATA[akash4509744@gmail.com]]>
              </value>
            </param>
            <param index="1">
              <value>
                <![CDATA[mani123@]]>
              </value>
            </param>
          </params>
          <reporter-output>
          </reporter-output>
        </test-method> <!-- validateLogin -->
        <test-method is-config="true" signature="assertthrow()[pri:0, instance:org.testCases.loginTest@1ca3b418]" started-at="2023-01-20T18:38:12 IST" name="assertthrow" finished-at="2023-01-20T18:38:13 IST" duration-ms="1024" status="PASS">
          <reporter-output>
          </reporter-output>
        </test-method> <!-- assertthrow -->
        <test-method is-config="true" signature="setUp(java.lang.String)[pri:0, instance:org.testCases.loginTest@1ca3b418]" started-at="2023-01-20T18:38:13 IST" name="setUp" finished-at="2023-01-20T18:38:32 IST" duration-ms="19027" status="PASS">
          <params>
            <param index="0">
              <value>
                <![CDATA[Edge]]>
              </value>
            </param>
          </params>
          <reporter-output>
          </reporter-output>
        </test-method> <!-- setUp -->
        <test-method signature="validateLogin(java.lang.String,java.lang.String)[pri:0, instance:org.testCases.loginTest@1ca3b418]" started-at="2023-01-20T18:38:32 IST" name="validateLogin" data-provider="credentials" finished-at="2023-01-20T18:38:46 IST" duration-ms="13975" status="FAIL">
          <params>
            <param index="0">
              <value>
                <![CDATA[akashjkdjljsdl@gmail.com]]>
              </value>
            </param>
            <param index="1">
              <value>
                <![CDATA[mani123@]]>
              </value>
            </param>
          </params>
          <exception class="java.lang.AssertionError">
            <message>
              <![CDATA[The following asserts failed:
expected [true] but found [false]]]>
            </message>
            <full-stacktrace>
              <![CDATA[java.lang.AssertionError: The following asserts failed:
expected [true] but found [false]
at org.testng.asserts.SoftAssert.assertAll(SoftAssert.java:46)
at org.testng.asserts.SoftAssert.assertAll(SoftAssert.java:30)
at org.testCases.loginTest.validateLogin(loginTest.java:22)
at java.base/jdk.internal.reflect.NativeMethodAccessorImpl.invoke0(Native Method)
at java.base/jdk.internal.reflect.NativeMethodAccessorImpl.invoke(NativeMethodAccessorImpl.java:77)
at java.base/jdk.internal.reflect.DelegatingMethodAccessorImpl.invoke(DelegatingMethodAccessorImpl.java:43)
at java.base/java.lang.reflect.Method.invoke(Method.java:568)
at org.testng.internal.invokers.MethodInvocationHelper.invokeMethod(MethodInvocationHelper.java:139)
at org.testng.internal.invokers.TestInvoker.invokeMethod(TestInvoker.java:677)
at org.testng.internal.invokers.TestInvoker.invokeTestMethod(TestInvoker.java:221)
at org.testng.internal.invokers.MethodRunner.runInSequence(MethodRunner.java:50)
at org.testng.internal.invokers.TestInvoker$MethodInvocationAgent.invoke(TestInvoker.java:969)
at org.testng.internal.invokers.TestInvoker.invokeTestMethods(TestInvoker.java:194)
at org.testng.internal.invokers.TestMethodWorker.invokeTestMethods(TestMethodWorker.java:148)
at org.testng.internal.invokers.TestMethodWorker.run(TestMethodWorker.java:128)
at java.base/java.util.ArrayList.forEach(ArrayList.java:1511)
at org.testng.TestRunner.privateRun(TestRunner.java:829)
at org.testng.TestRunner.run(TestRunner.java:602)
at org.testng.SuiteRunner.runTest(SuiteRunner.java:437)
at org.testng.SuiteRunner.runSequentially(SuiteRunner.java:431)
at org.testng.SuiteRunner.privateRun(SuiteRunner.java:391)
at org.testng.SuiteRunner.run(SuiteRunner.java:330)
at org.testng.SuiteRunnerWorker.runSuite(SuiteRunnerWorker.java:52)
at org.testng.SuiteRunnerWorker.run(SuiteRunnerWorker.java:95)
at org.testng.TestNG.runSuitesSequentially(TestNG.java:1256)
at org.testng.TestNG.runSuitesLocally(TestNG.java:1176)
at org.testng.TestNG.runSuites(TestNG.java:1099)
at org.testng.TestNG.run(TestNG.java:1067)
at org.testng.remote.AbstractRemoteTestNG.run(AbstractRemoteTestNG.java:115)
at org.testng.remote.RemoteTestNG.initAndRun(RemoteTestNG.java:251)
at org.testng.remote.RemoteTestNG.main(RemoteTestNG.java:77)
]]>
            </full-stacktrace>
          </exception> <!-- java.lang.AssertionError -->
          <reporter-output>
          </reporter-output>
        </test-method> <!-- validateLogin -->
        <test-method is-config="true" signature="assertthrow()[pri:0, instance:org.testCases.loginTest@1ca3b418]" started-at="2023-01-20T18:38:47 IST" name="assertthrow" finished-at="2023-01-20T18:38:47 IST" duration-ms="597" status="PASS">
          <reporter-output>
          </reporter-output>
        </test-method> <!-- assertthrow -->
        <test-method is-config="true" signature="setUp(java.lang.String)[pri:0, instance:org.testCases.loginTest@1ca3b418]" started-at="2023-01-20T18:38:47 IST" name="setUp" finished-at="2023-01-20T18:39:05 IST" duration-ms="18141" status="PASS">
          <params>
            <param index="0">
              <value>
                <![CDATA[Edge]]>
              </value>
            </param>
          </params>
          <reporter-output>
          </reporter-output>
        </test-method> <!-- setUp -->
        <test-method signature="validateLogin(java.lang.String,java.lang.String)[pri:0, instance:org.testCases.loginTest@1ca3b418]" started-at="2023-01-20T18:39:05 IST" name="validateLogin" data-provider="credentials" finished-at="2023-01-20T18:39:18 IST" duration-ms="12484" status="FAIL">
          <params>
            <param index="0">
              <value>
                <![CDATA[akash4509744@gmail.com]]>
              </value>
            </param>
            <param index="1">
              <value>
                <![CDATA[sdfjlas]]>
              </value>
            </param>
          </params>
          <exception class="java.lang.AssertionError">
            <message>
              <![CDATA[The following asserts failed:
expected [true] but found [false]]]>
            </message>
            <full-stacktrace>
              <![CDATA[java.lang.AssertionError: The following asserts failed:
expected [true] but found [false]
at org.testng.asserts.SoftAssert.assertAll(SoftAssert.java:46)
at org.testng.asserts.SoftAssert.assertAll(SoftAssert.java:30)
at org.testCases.loginTest.validateLogin(loginTest.java:22)
at java.base/jdk.internal.reflect.NativeMethodAccessorImpl.invoke0(Native Method)
at java.base/jdk.internal.reflect.NativeMethodAccessorImpl.invoke(NativeMethodAccessorImpl.java:77)
at java.base/jdk.internal.reflect.DelegatingMethodAccessorImpl.invoke(DelegatingMethodAccessorImpl.java:43)
at java.base/java.lang.reflect.Method.invoke(Method.java:568)
at org.testng.internal.invokers.MethodInvocationHelper.invokeMethod(MethodInvocationHelper.java:139)
at org.testng.internal.invokers.TestInvoker.invokeMethod(TestInvoker.java:677)
at org.testng.internal.invokers.TestInvoker.invokeTestMethod(TestInvoker.java:221)
at org.testng.internal.invokers.MethodRunner.runInSequence(MethodRunner.java:50)
at org.testng.internal.invokers.TestInvoker$MethodInvocationAgent.invoke(TestInvoker.java:969)
at org.testng.internal.invokers.TestInvoker.invokeTestMethods(TestInvoker.java:194)
at org.testng.internal.invokers.TestMethodWorker.invokeTestMethods(TestMethodWorker.java:148)
at org.testng.internal.invokers.TestMethodWorker.run(TestMethodWorker.java:128)
at java.base/java.util.ArrayList.forEach(ArrayList.java:1511)
at org.testng.TestRunner.privateRun(TestRunner.java:829)
at org.testng.TestRunner.run(TestRunner.java:602)
at org.testng.SuiteRunner.runTest(SuiteRunner.java:437)
at org.testng.SuiteRunner.runSequentially(SuiteRunner.java:431)
at org.testng.SuiteRunner.privateRun(SuiteRunner.java:391)
at org.testng.SuiteRunner.run(SuiteRunner.java:330)
at org.testng.SuiteRunnerWorker.runSuite(SuiteRunnerWorker.java:52)
at org.testng.SuiteRunnerWorker.run(SuiteRunnerWorker.java:95)
at org.testng.TestNG.runSuitesSequentially(TestNG.java:1256)
at org.testng.TestNG.runSuitesLocally(TestNG.java:1176)
at org.testng.TestNG.runSuites(TestNG.java:1099)
at org.testng.TestNG.run(TestNG.java:1067)
at org.testng.remote.AbstractRemoteTestNG.run(AbstractRemoteTestNG.java:115)
at org.testng.remote.RemoteTestNG.initAndRun(RemoteTestNG.java:251)
at org.testng.remote.RemoteTestNG.main(RemoteTestNG.java:77)
]]>
            </full-stacktrace>
          </exception> <!-- java.lang.AssertionError -->
          <reporter-output>
          </reporter-output>
        </test-method> <!-- validateLogin -->
        <test-method is-config="true" signature="assertthrow()[pri:0, instance:org.testCases.loginTest@1ca3b418]" started-at="2023-01-20T18:39:18 IST" name="assertthrow" finished-at="2023-01-20T18:39:19 IST" duration-ms="814" status="PASS">
          <reporter-output>
          </reporter-output>
        </test-method> <!-- assertthrow -->
        <test-method is-config="true" signature="setUp(java.lang.String)[pri:0, instance:org.testCases.loginTest@1ca3b418]" started-at="2023-01-20T18:39:19 IST" name="setUp" finished-at="2023-01-20T18:39:37 IST" duration-ms="18234" status="PASS">
          <params>
            <param index="0">
              <value>
                <![CDATA[Edge]]>
              </value>
            </param>
          </params>
          <reporter-output>
          </reporter-output>
        </test-method> <!-- setUp -->
        <test-method signature="validateLogin(java.lang.String,java.lang.String)[pri:0, instance:org.testCases.loginTest@1ca3b418]" started-at="2023-01-20T18:39:37 IST" name="validateLogin" data-provider="credentials" finished-at="2023-01-20T18:39:51 IST" duration-ms="14047" status="FAIL">
          <params>
            <param index="0">
              <value>
                <![CDATA[dlkjlfasjljfa@gmail.com]]>
              </value>
            </param>
            <param index="1">
              <value>
                <![CDATA[dklsjfl]]>
              </value>
            </param>
          </params>
          <exception class="java.lang.AssertionError">
            <message>
              <![CDATA[The following asserts failed:
expected [true] but found [false]]]>
            </message>
            <full-stacktrace>
              <![CDATA[java.lang.AssertionError: The following asserts failed:
expected [true] but found [false]
at org.testng.asserts.SoftAssert.assertAll(SoftAssert.java:46)
at org.testng.asserts.SoftAssert.assertAll(SoftAssert.java:30)
at org.testCases.loginTest.validateLogin(loginTest.java:22)
at java.base/jdk.internal.reflect.NativeMethodAccessorImpl.invoke0(Native Method)
at java.base/jdk.internal.reflect.NativeMethodAccessorImpl.invoke(NativeMethodAccessorImpl.java:77)
at java.base/jdk.internal.reflect.DelegatingMethodAccessorImpl.invoke(DelegatingMethodAccessorImpl.java:43)
at java.base/java.lang.reflect.Method.invoke(Method.java:568)
at org.testng.internal.invokers.MethodInvocationHelper.invokeMethod(MethodInvocationHelper.java:139)
at org.testng.internal.invokers.TestInvoker.invokeMethod(TestInvoker.java:677)
at org.testng.internal.invokers.TestInvoker.invokeTestMethod(TestInvoker.java:221)
at org.testng.internal.invokers.MethodRunner.runInSequence(MethodRunner.java:50)
at org.testng.internal.invokers.TestInvoker$MethodInvocationAgent.invoke(TestInvoker.java:969)
at org.testng.internal.invokers.TestInvoker.invokeTestMethods(TestInvoker.java:194)
at org.testng.internal.invokers.TestMethodWorker.invokeTestMethods(TestMethodWorker.java:148)
at org.testng.internal.invokers.TestMethodWorker.run(TestMethodWorker.java:128)
at java.base/java.util.ArrayList.forEach(ArrayList.java:1511)
at org.testng.TestRunner.privateRun(TestRunner.java:829)
at org.testng.TestRunner.run(TestRunner.java:602)
at org.testng.SuiteRunner.runTest(SuiteRunner.java:437)
at org.testng.SuiteRunner.runSequentially(SuiteRunner.java:431)
at org.testng.SuiteRunner.privateRun(SuiteRunner.java:391)
at org.testng.SuiteRunner.run(SuiteRunner.java:330)
at org.testng.SuiteRunnerWorker.runSuite(SuiteRunnerWorker.java:52)
at org.testng.SuiteRunnerWorker.run(SuiteRunnerWorker.java:95)
at org.testng.TestNG.runSuitesSequentially(TestNG.java:1256)
at org.testng.TestNG.runSuitesLocally(TestNG.java:1176)
at org.testng.TestNG.runSuites(TestNG.java:1099)
at org.testng.TestNG.run(TestNG.java:1067)
at org.testng.remote.AbstractRemoteTestNG.run(AbstractRemoteTestNG.java:115)
at org.testng.remote.RemoteTestNG.initAndRun(RemoteTestNG.java:251)
at org.testng.remote.RemoteTestNG.main(RemoteTestNG.java:77)
]]>
            </full-stacktrace>
          </exception> <!-- java.lang.AssertionError -->
          <reporter-output>
          </reporter-output>
        </test-method> <!-- validateLogin -->
        <test-method is-config="true" signature="assertthrow()[pri:0, instance:org.testCases.loginTest@1ca3b418]" started-at="2023-01-20T18:39:51 IST" name="assertthrow" finished-at="2023-01-20T18:39:52 IST" duration-ms="403" status="PASS">
          <reporter-output>
          </reporter-output>
        </test-method> <!-- assertthrow -->
        <test-method is-config="true" signature="tearDown()[pri:0, instance:org.testCases.loginTest@1ca3b418]" started-at="2023-01-20T18:43:31 IST" name="tearDown" finished-at="2023-01-20T18:43:31 IST" duration-ms="594" status="PASS">
          <reporter-output>
          </reporter-output>
        </test-method> <!-- tearDown -->
      </class> <!-- org.testCases.loginTest -->
      <class name="org.testCases.AddToCartTest">
        <test-method is-config="true" signature="setUp(java.lang.String)[pri:0, instance:org.testCases.AddToCartTest@19e4653c]" started-at="2023-01-20T18:39:52 IST" name="setUp" finished-at="2023-01-20T18:40:08 IST" duration-ms="15968" status="PASS">
          <params>
            <param index="0">
              <value>
                <![CDATA[Edge]]>
              </value>
            </param>
          </params>
          <reporter-output>
          </reporter-output>
        </test-method> <!-- setUp -->
        <test-method signature="validateSuccessMsg()[pri:0, instance:org.testCases.AddToCartTest@19e4653c]" started-at="2023-01-20T18:40:08 IST" name="validateSuccessMsg" finished-at="2023-01-20T18:40:17 IST" duration-ms="8846" status="PASS">
          <reporter-output>
          </reporter-output>
        </test-method> <!-- validateSuccessMsg -->
        <test-method is-config="true" signature="assertthrow()[pri:0, instance:org.testCases.AddToCartTest@19e4653c]" started-at="2023-01-20T18:40:17 IST" name="assertthrow" finished-at="2023-01-20T18:40:17 IST" duration-ms="597" status="PASS">
          <reporter-output>
          </reporter-output>
        </test-method> <!-- assertthrow -->
      </class> <!-- org.testCases.AddToCartTest -->
      <class name="org.testCases.ShoppingCartTest">
        <test-method is-config="true" signature="setUp(java.lang.String)[pri:0, instance:org.testCases.ShoppingCartTest@4be29ed9]" started-at="2023-01-20T18:43:04 IST" name="setUp" finished-at="2023-01-20T18:43:21 IST" duration-ms="17227" status="PASS">
          <params>
            <param index="0">
              <value>
                <![CDATA[Edge]]>
              </value>
            </param>
          </params>
          <reporter-output>
          </reporter-output>
        </test-method> <!-- setUp -->
        <test-method signature="validateShoppingCart()[pri:0, instance:org.testCases.ShoppingCartTest@4be29ed9]" started-at="2023-01-20T18:43:21 IST" name="validateShoppingCart" finished-at="2023-01-20T18:43:30 IST" duration-ms="8877" status="PASS">
          <reporter-output>
          </reporter-output>
        </test-method> <!-- validateShoppingCart -->
        <test-method is-config="true" signature="assertthrow()[pri:0, instance:org.testCases.ShoppingCartTest@4be29ed9]" started-at="2023-01-20T18:43:30 IST" name="assertthrow" finished-at="2023-01-20T18:43:31 IST" duration-ms="468" status="PASS">
          <reporter-output>
          </reporter-output>
        </test-method> <!-- assertthrow -->
      </class> <!-- org.testCases.ShoppingCartTest -->
      <class name="org.testCases.EndToEndTest">
        <test-method is-config="true" signature="setUp(java.lang.String)[pri:0, instance:org.testCases.EndToEndTest@795509d9]" started-at="2023-01-20T18:40:17 IST" name="setUp" finished-at="2023-01-20T18:40:31 IST" duration-ms="13727" status="PASS">
          <params>
            <param index="0">
              <value>
                <![CDATA[Edge]]>
              </value>
            </param>
          </params>
          <reporter-output>
          </reporter-output>
        </test-method> <!-- setUp -->
        <test-method signature="validateEndToEnd()[pri:0, instance:org.testCases.EndToEndTest@795509d9]" started-at="2023-01-20T18:40:31 IST" name="validateEndToEnd" finished-at="2023-01-20T18:40:51 IST" duration-ms="19991" status="FAIL">
          <exception class="org.openqa.selenium.json.JsonException">
            <message>
              <![CDATA[java.lang.reflect.InvocationTargetException
Build info: version: '4.7.2', revision: '4d4020c3b7'
System info: os.name: 'Windows 10', os.arch: 'amd64', os.version: '10.0', java.version: '17.0.5'
Driver info: org.openqa.selenium.edge.EdgeDriver
Command: [401951fce530941e9bc1102900cd5ae9, actions {actions=[org.openqa.selenium.interactions.Sequence@adc3344]}]
Capabilities {acceptInsecureCerts: false, browserName: msedge, browserVersion: 108.0.1462.42, ms:edgeOptions: {debuggerAddress: localhost:57726}, msedge: {msedgedriverVersion: 108.0.1462.87 (d2d9c889eece..., userDataDir: C:\Users\admin\AppData\Loca...}, networkConnectionEnabled: false, pageLoadStrategy: normal, platformName: WINDOWS, proxy: Proxy(), se:cdp: ws://localhost:57726/devtoo..., se:cdpVersion: 108.0.1462.42, setWindowRect: true, strictFileInteractability: false, timeouts: {implicit: 0, pageLoad: 300000, script: 30000}, unhandledPromptBehavior: dismiss and notify, webauthn:extension:credBlob: true, webauthn:extension:largeBlob: true, webauthn:virtualAuthenticators: true}
Session ID: 401951fce530941e9bc1102900cd5ae9]]>
            </message>
            <full-stacktrace>
              <![CDATA[org.openqa.selenium.json.JsonException: java.lang.reflect.InvocationTargetException
Build info: version: '4.7.2', revision: '4d4020c3b7'
System info: os.name: 'Windows 10', os.arch: 'amd64', os.version: '10.0', java.version: '17.0.5'
Driver info: org.openqa.selenium.edge.EdgeDriver
Command: [401951fce530941e9bc1102900cd5ae9, actions {actions=[org.openqa.selenium.interactions.Sequence@adc3344]}]
Capabilities {acceptInsecureCerts: false, browserName: msedge, browserVersion: 108.0.1462.42, ms:edgeOptions: {debuggerAddress: localhost:57726}, msedge: {msedgedriverVersion: 108.0.1462.87 (d2d9c889eece..., userDataDir: C:\Users\admin\AppData\Loca...}, networkConnectionEnabled: false, pageLoadStrategy: normal, platformName: WINDOWS, proxy: Proxy(), se:cdp: ws://localhost:57726/devtoo..., se:cdpVersion: 108.0.1462.42, setWindowRect: true, strictFileInteractability: false, timeouts: {implicit: 0, pageLoad: 300000, script: 30000}, unhandledPromptBehavior: dismiss and notify, webauthn:extension:credBlob: true, webauthn:extension:largeBlob: true, webauthn:virtualAuthenticators: true}
Session ID: 401951fce530941e9bc1102900cd5ae9
at org.openqa.selenium.json.JsonOutput.convertUsingMethod(JsonOutput.java:362)
at org.openqa.selenium.json.JsonOutput.lambda$new$16(JsonOutput.java:154)
at org.openqa.selenium.json.JsonOutput.write(JsonOutput.java:287)
at org.openqa.selenium.json.JsonOutput.lambda$new$22(JsonOutput.java:169)
at java.base/java.util.stream.ForEachOps$ForEachOp$OfRef.accept(ForEachOps.java:183)
at java.base/java.util.stream.ReferencePipeline$2$1.accept(ReferencePipeline.java:179)
at java.base/java.util.Iterator.forEachRemaining(Iterator.java:133)
at java.base/java.util.Spliterators$IteratorSpliterator.forEachRemaining(Spliterators.java:1845)
at java.base/java.util.stream.AbstractPipeline.copyInto(AbstractPipeline.java:509)
at java.base/java.util.stream.AbstractPipeline.wrapAndCopyInto(AbstractPipeline.java:499)
at java.base/java.util.stream.ForEachOps$ForEachOp.evaluateSequential(ForEachOps.java:150)
at java.base/java.util.stream.ForEachOps$ForEachOp$OfRef.evaluateSequential(ForEachOps.java:173)
at java.base/java.util.stream.AbstractPipeline.evaluate(AbstractPipeline.java:234)
at java.base/java.util.stream.ReferencePipeline.forEach(ReferencePipeline.java:596)
at org.openqa.selenium.json.JsonOutput.lambda$new$23(JsonOutput.java:169)
at org.openqa.selenium.json.JsonOutput.write(JsonOutput.java:287)
at org.openqa.selenium.json.JsonOutput.lambda$new$24(JsonOutput.java:182)
at com.google.common.collect.SingletonImmutableBiMap.forEach(SingletonImmutableBiMap.java:68)
at org.openqa.selenium.json.JsonOutput.lambda$new$25(JsonOutput.java:177)
at org.openqa.selenium.json.JsonOutput.write(JsonOutput.java:287)
at org.openqa.selenium.json.JsonOutput.write(JsonOutput.java:278)
at org.openqa.selenium.json.Json.toJson(Json.java:42)
at org.openqa.selenium.remote.codec.AbstractHttpCommandCodec.encode(AbstractHttpCommandCodec.java:259)
at org.openqa.selenium.remote.codec.AbstractHttpCommandCodec.encode(AbstractHttpCommandCodec.java:122)
at org.openqa.selenium.remote.HttpCommandExecutor.execute(HttpCommandExecutor.java:172)
at org.openqa.selenium.remote.service.DriverCommandExecutor.invokeExecute(DriverCommandExecutor.java:167)
at org.openqa.selenium.remote.service.DriverCommandExecutor.execute(DriverCommandExecutor.java:142)
at org.openqa.selenium.remote.RemoteWebDriver.execute(RemoteWebDriver.java:535)
at org.openqa.selenium.remote.RemoteWebDriver.perform(RemoteWebDriver.java:603)
at org.openqa.selenium.interactions.Actions$BuiltAction.perform(Actions.java:567)
at org.actionDrivers.ActionDriver.click(ActionDriver.java:43)
at org.pageObjects.CheckOutPage.clickBilling(CheckOutPage.java:65)
at org.testCases.EndToEndTest.validateEndToEnd(EndToEndTest.java:22)
at java.base/jdk.internal.reflect.NativeMethodAccessorImpl.invoke0(Native Method)
at java.base/jdk.internal.reflect.NativeMethodAccessorImpl.invoke(NativeMethodAccessorImpl.java:77)
at java.base/jdk.internal.reflect.DelegatingMethodAccessorImpl.invoke(DelegatingMethodAccessorImpl.java:43)
at java.base/java.lang.reflect.Method.invoke(Method.java:568)
at org.testng.internal.invokers.MethodInvocationHelper.invokeMethod(MethodInvocationHelper.java:139)
at org.testng.internal.invokers.TestInvoker.invokeMethod(TestInvoker.java:677)
at org.testng.internal.invokers.TestInvoker.invokeTestMethod(TestInvoker.java:221)
at org.testng.internal.invokers.MethodRunner.runInSequence(MethodRunner.java:50)
at org.testng.internal.invokers.TestInvoker$MethodInvocationAgent.invoke(TestInvoker.java:969)
at org.testng.internal.invokers.TestInvoker.invokeTestMethods(TestInvoker.java:194)
at org.testng.internal.invokers.TestMethodWorker.invokeTestMethods(TestMethodWorker.java:148)
at org.testng.internal.invokers.TestMethodWorker.run(TestMethodWorker.java:128)
at java.base/java.util.ArrayList.forEach(ArrayList.java:1511)
at org.testng.TestRunner.privateRun(TestRunner.java:829)
at org.testng.TestRunner.run(TestRunner.java:602)
at org.testng.SuiteRunner.runTest(SuiteRunner.java:437)
at org.testng.SuiteRunner.runSequentially(SuiteRunner.java:431)
at org.testng.SuiteRunner.privateRun(SuiteRunner.java:391)
at org.testng.SuiteRunner.run(SuiteRunner.java:330)
at org.testng.SuiteRunnerWorker.runSuite(SuiteRunnerWorker.java:52)
at org.testng.SuiteRunnerWorker.run(SuiteRunnerWorker.java:95)
at org.testng.TestNG.runSuitesSequentially(TestNG.java:1256)
at org.testng.TestNG.runSuitesLocally(TestNG.java:1176)
at org.testng.TestNG.runSuites(TestNG.java:1099)
at org.testng.TestNG.run(TestNG.java:1067)
at org.testng.remote.AbstractRemoteTestNG.run(AbstractRemoteTestNG.java:115)
at org.testng.remote.RemoteTestNG.initAndRun(RemoteTestNG.java:251)
at org.testng.remote.RemoteTestNG.main(RemoteTestNG.java:77)
Suppressed: org.openqa.selenium.json.JsonException: Attempting to close incomplete json stream
Build info: version: '4.7.2', revision: '4d4020c3b7'
System info: os.name: 'Windows 10', os.arch: 'amd64', os.version: '10.0', java.version: '17.0.5'
Driver info: driver.version: ActionDriver
at org.openqa.selenium.json.JsonOutput.close(JsonOutput.java:303)
at org.openqa.selenium.json.Json.toJson(Json.java:40)
... 39 more
Caused by: java.lang.reflect.InvocationTargetException
at java.base/jdk.internal.reflect.NativeMethodAccessorImpl.invoke0(Native Method)
at java.base/jdk.internal.reflect.NativeMethodAccessorImpl.invoke(NativeMethodAccessorImpl.java:77)
at java.base/jdk.internal.reflect.DelegatingMethodAccessorImpl.invoke(DelegatingMethodAccessorImpl.java:43)
at java.base/java.lang.reflect.Method.invoke(Method.java:568)
at org.openqa.selenium.json.JsonOutput.convertUsingMethod(JsonOutput.java:358)
... 60 more
Caused by: org.openqa.selenium.NoSuchElementException: no such element: Unable to locate element: {"method":"css selector","selector":"#button\-confirm"}
  (Session info: MicrosoftEdge=108.0.1462.42)
For documentation on this error, please visit: https://selenium.dev/exceptions/#no_such_element
Build info: version: '4.7.2', revision: '4d4020c3b7'
System info: os.name: 'Windows 10', os.arch: 'amd64', os.version: '10.0', java.version: '17.0.5'
Driver info: org.openqa.selenium.edge.EdgeDriver
Command: [401951fce530941e9bc1102900cd5ae9, findElement {using=id, value=button-confirm}]
Capabilities {acceptInsecureCerts: false, browserName: msedge, browserVersion: 108.0.1462.42, ms:edgeOptions: {debuggerAddress: localhost:57726}, msedge: {msedgedriverVersion: 108.0.1462.87 (d2d9c889eece..., userDataDir: C:\Users\admin\AppData\Loca...}, networkConnectionEnabled: false, pageLoadStrategy: normal, platformName: WINDOWS, proxy: Proxy(), se:cdp: ws://localhost:57726/devtoo..., se:cdpVersion: 108.0.1462.42, setWindowRect: true, strictFileInteractability: false, timeouts: {implicit: 0, pageLoad: 300000, script: 30000}, unhandledPromptBehavior: dismiss and notify, webauthn:extension:credBlob: true, webauthn:extension:largeBlob: true, webauthn:virtualAuthenticators: true}
Session ID: 401951fce530941e9bc1102900cd5ae9
at java.base/jdk.internal.reflect.NativeConstructorAccessorImpl.newInstance0(Native Method)
at java.base/jdk.internal.reflect.NativeConstructorAccessorImpl.newInstance(NativeConstructorAccessorImpl.java:77)
at java.base/jdk.internal.reflect.DelegatingConstructorAccessorImpl.newInstance(DelegatingConstructorAccessorImpl.java:45)
at java.base/java.lang.reflect.Constructor.newInstanceWithCaller(Constructor.java:499)
at java.base/java.lang.reflect.Constructor.newInstance(Constructor.java:480)
at org.openqa.selenium.remote.codec.w3c.W3CHttpResponseCodec.createException(W3CHttpResponseCodec.java:200)
at org.openqa.selenium.remote.codec.w3c.W3CHttpResponseCodec.decode(W3CHttpResponseCodec.java:133)
at org.openqa.selenium.remote.codec.w3c.W3CHttpResponseCodec.decode(W3CHttpResponseCodec.java:53)
at org.openqa.selenium.remote.HttpCommandExecutor.execute(HttpCommandExecutor.java:184)
at org.openqa.selenium.remote.service.DriverCommandExecutor.invokeExecute(DriverCommandExecutor.java:167)
at org.openqa.selenium.remote.service.DriverCommandExecutor.execute(DriverCommandExecutor.java:142)
at org.openqa.selenium.remote.RemoteWebDriver.execute(RemoteWebDriver.java:535)
at org.openqa.selenium.remote.ElementLocation$ElementFinder$2.findElement(ElementLocation.java:162)
at org.openqa.selenium.remote.ElementLocation.findElement(ElementLocation.java:60)
at org.openqa.selenium.remote.RemoteWebDriver.findElement(RemoteWebDriver.java:351)
at org.openqa.selenium.remote.RemoteWebDriver.findElement(RemoteWebDriver.java:343)
at org.openqa.selenium.support.pagefactory.DefaultElementLocator.findElement(DefaultElementLocator.java:70)
at org.openqa.selenium.support.pagefactory.internal.LocatingElementHandler.invoke(LocatingElementHandler.java:39)
at jdk.proxy2/jdk.proxy2.$Proxy36.getWrappedElement(Unknown Source)
at org.openqa.selenium.interactions.PointerInput$Origin.asArg(PointerInput.java:260)
at org.openqa.selenium.interactions.PointerInput$Move.encode(PointerInput.java:209)
at org.openqa.selenium.interactions.Sequence.encode(Sequence.java:73)
at org.openqa.selenium.interactions.Sequence.toJson(Sequence.java:82)
... 65 more
]]>
            </full-stacktrace>
          </exception> <!-- org.openqa.selenium.json.JsonException -->
          <reporter-output>
          </reporter-output>
        </test-method> <!-- validateEndToEnd -->
        <test-method is-config="true" signature="assertthrow()[pri:0, instance:org.testCases.EndToEndTest@795509d9]" started-at="2023-01-20T18:40:51 IST" name="assertthrow" finished-at="2023-01-20T18:40:52 IST" duration-ms="309" status="PASS">
          <reporter-output>
          </reporter-output>
        </test-method> <!-- assertthrow -->
      </class> <!-- org.testCases.EndToEndTest -->
      <class name="org.testCases.RegisterTest">
        <test-method is-config="true" signature="setUp(java.lang.String)[pri:0, instance:org.testCases.RegisterTest@6bbe85a8]" started-at="2023-01-20T18:42:08 IST" name="setUp" finished-at="2023-01-20T18:42:25 IST" duration-ms="16363" status="PASS">
          <params>
            <param index="0">
              <value>
                <![CDATA[Edge]]>
              </value>
            </param>
          </params>
          <reporter-output>
          </reporter-output>
        </test-method> <!-- setUp -->
        <test-method signature="validateRegister()[pri:0, instance:org.testCases.RegisterTest@6bbe85a8]" started-at="2023-01-20T18:42:25 IST" name="validateRegister" finished-at="2023-01-20T18:42:40 IST" duration-ms="15290" status="FAIL">
          <exception class="java.lang.AssertionError">
            <message>
              <![CDATA[expected [true] but found [false]]]>
            </message>
            <full-stacktrace>
              <![CDATA[java.lang.AssertionError: expected [true] but found [false]
at org.testng.Assert.fail(Assert.java:110)
at org.testng.Assert.failNotEquals(Assert.java:1413)
at org.testng.Assert.assertTrue(Assert.java:56)
at org.testng.Assert.assertTrue(Assert.java:66)
at org.testCases.RegisterTest.validateRegister(RegisterTest.java:29)
at java.base/jdk.internal.reflect.NativeMethodAccessorImpl.invoke0(Native Method)
at java.base/jdk.internal.reflect.NativeMethodAccessorImpl.invoke(NativeMethodAccessorImpl.java:77)
at java.base/jdk.internal.reflect.DelegatingMethodAccessorImpl.invoke(DelegatingMethodAccessorImpl.java:43)
at java.base/java.lang.reflect.Method.invoke(Method.java:568)
at org.testng.internal.invokers.MethodInvocationHelper.invokeMethod(MethodInvocationHelper.java:139)
at org.testng.internal.invokers.TestInvoker.invokeMethod(TestInvoker.java:677)
at org.testng.internal.invokers.TestInvoker.invokeTestMethod(TestInvoker.java:221)
at org.testng.internal.invokers.MethodRunner.runInSequence(MethodRunner.java:50)
at org.testng.internal.invokers.TestInvoker$MethodInvocationAgent.invoke(TestInvoker.java:969)
at org.testng.internal.invokers.TestInvoker.invokeTestMethods(TestInvoker.java:194)
at org.testng.internal.invokers.TestMethodWorker.invokeTestMethods(TestMethodWorker.java:148)
at org.testng.internal.invokers.TestMethodWorker.run(TestMethodWorker.java:128)
at java.base/java.util.ArrayList.forEach(ArrayList.java:1511)
at org.testng.TestRunner.privateRun(TestRunner.java:829)
at org.testng.TestRunner.run(TestRunner.java:602)
at org.testng.SuiteRunner.runTest(SuiteRunner.java:437)
at org.testng.SuiteRunner.runSequentially(SuiteRunner.java:431)
at org.testng.SuiteRunner.privateRun(SuiteRunner.java:391)
at org.testng.SuiteRunner.run(SuiteRunner.java:330)
at org.testng.SuiteRunnerWorker.runSuite(SuiteRunnerWorker.java:52)
at org.testng.SuiteRunnerWorker.run(SuiteRunnerWorker.java:95)
at org.testng.TestNG.runSuitesSequentially(TestNG.java:1256)
at org.testng.TestNG.runSuitesLocally(TestNG.java:1176)
at org.testng.TestNG.runSuites(TestNG.java:1099)
at org.testng.TestNG.run(TestNG.java:1067)
at org.testng.remote.AbstractRemoteTestNG.run(AbstractRemoteTestNG.java:115)
at org.testng.remote.RemoteTestNG.initAndRun(RemoteTestNG.java:251)
at org.testng.remote.RemoteTestNG.main(RemoteTestNG.java:77)
]]>
            </full-stacktrace>
          </exception> <!-- java.lang.AssertionError -->
          <reporter-output>
          </reporter-output>
        </test-method> <!-- validateRegister -->
        <test-method is-config="true" signature="assertthrow()[pri:0, instance:org.testCases.RegisterTest@6bbe85a8]" started-at="2023-01-20T18:42:40 IST" name="assertthrow" finished-at="2023-01-20T18:42:41 IST" duration-ms="431" status="PASS">
          <reporter-output>
          </reporter-output>
        </test-method> <!-- assertthrow -->
      </class> <!-- org.testCases.RegisterTest -->
      <class name="org.testCases.HomePageTest">
        <test-method is-config="true" signature="setUp(java.lang.String)[pri:0, instance:org.testCases.HomePageTest@5149d738]" started-at="2023-01-20T18:41:14 IST" name="setUp" finished-at="2023-01-20T18:41:31 IST" duration-ms="16891" status="PASS">
          <params>
            <param index="0">
              <value>
                <![CDATA[Edge]]>
              </value>
            </param>
          </params>
          <reporter-output>
          </reporter-output>
        </test-method> <!-- setUp -->
        <test-method signature="validateLogo()[pri:1, instance:org.testCases.HomePageTest@5149d738]" started-at="2023-01-20T18:41:31 IST" name="validateLogo" finished-at="2023-01-20T18:41:31 IST" duration-ms="95" status="PASS">
          <reporter-output>
          </reporter-output>
        </test-method> <!-- validateLogo -->
        <test-method is-config="true" signature="assertthrow()[pri:0, instance:org.testCases.HomePageTest@5149d738]" started-at="2023-01-20T18:41:31 IST" name="assertthrow" finished-at="2023-01-20T18:41:32 IST" duration-ms="895" status="PASS">
          <reporter-output>
          </reporter-output>
        </test-method> <!-- assertthrow -->
        <test-method is-config="true" signature="setUp(java.lang.String)[pri:0, instance:org.testCases.HomePageTest@5149d738]" started-at="2023-01-20T18:41:32 IST" name="setUp" finished-at="2023-01-20T18:41:53 IST" duration-ms="20384" status="PASS">
          <params>
            <param index="0">
              <value>
                <![CDATA[Edge]]>
              </value>
            </param>
          </params>
          <reporter-output>
          </reporter-output>
        </test-method> <!-- setUp -->
        <test-method signature="validateMasterImage()[pri:2, instance:org.testCases.HomePageTest@5149d738]" started-at="2023-01-20T18:41:53 IST" name="validateMasterImage" finished-at="2023-01-20T18:41:53 IST" duration-ms="164" status="PASS">
          <reporter-output>
          </reporter-output>
        </test-method> <!-- validateMasterImage -->
        <test-method is-config="true" signature="assertthrow()[pri:0, instance:org.testCases.HomePageTest@5149d738]" started-at="2023-01-20T18:41:53 IST" name="assertthrow" finished-at="2023-01-20T18:41:53 IST" duration-ms="353" status="PASS">
          <reporter-output>
          </reporter-output>
        </test-method> <!-- assertthrow -->
        <test-method is-config="true" signature="setUp(java.lang.String)[pri:0, instance:org.testCases.HomePageTest@5149d738]" started-at="2023-01-20T18:41:53 IST" name="setUp" finished-at="2023-01-20T18:42:08 IST" duration-ms="14768" status="PASS">
          <params>
            <param index="0">
              <value>
                <![CDATA[Edge]]>
              </value>
            </param>
          </params>
          <reporter-output>
          </reporter-output>
        </test-method> <!-- setUp -->
        <test-method signature="validateFeatureImage()[pri:3, instance:org.testCases.HomePageTest@5149d738]" started-at="2023-01-20T18:42:08 IST" name="validateFeatureImage" finished-at="2023-01-20T18:42:08 IST" duration-ms="168" status="PASS">
          <reporter-output>
          </reporter-output>
        </test-method> <!-- validateFeatureImage -->
        <test-method is-config="true" signature="assertthrow()[pri:0, instance:org.testCases.HomePageTest@5149d738]" started-at="2023-01-20T18:42:08 IST" name="assertthrow" finished-at="2023-01-20T18:42:08 IST" duration-ms="450" status="PASS">
          <reporter-output>
          </reporter-output>
        </test-method> <!-- assertthrow -->
      </class> <!-- org.testCases.HomePageTest -->
      <class name="org.testCases.SearchTest">
        <test-method is-config="true" signature="setUp(java.lang.String)[pri:0, instance:org.testCases.SearchTest@3a7442c7]" started-at="2023-01-20T18:42:41 IST" name="setUp" finished-at="2023-01-20T18:43:01 IST" duration-ms="19995" status="PASS">
          <params>
            <param index="0">
              <value>
                <![CDATA[Edge]]>
              </value>
            </param>
          </params>
          <reporter-output>
          </reporter-output>
        </test-method> <!-- setUp -->
        <test-method signature="validateSearchFunction()[pri:0, instance:org.testCases.SearchTest@3a7442c7]" started-at="2023-01-20T18:43:01 IST" name="validateSearchFunction" finished-at="2023-01-20T18:43:03 IST" duration-ms="2606" status="PASS">
          <reporter-output>
          </reporter-output>
        </test-method> <!-- validateSearchFunction -->
        <test-method is-config="true" signature="assertthrow()[pri:0, instance:org.testCases.SearchTest@3a7442c7]" started-at="2023-01-20T18:43:03 IST" name="assertthrow" finished-at="2023-01-20T18:43:04 IST" duration-ms="675" status="PASS">
          <reporter-output>
          </reporter-output>
        </test-method> <!-- assertthrow -->
      </class> <!-- org.testCases.SearchTest -->
      <class name="org.testCases.ForgotPasswordTest">
        <test-method is-config="true" signature="setUp(java.lang.String)[pri:0, instance:org.testCases.ForgotPasswordTest@53045c6c]" started-at="2023-01-20T18:40:52 IST" name="setUp" finished-at="2023-01-20T18:41:09 IST" duration-ms="17569" status="PASS">
          <params>
            <param index="0">
              <value>
                <![CDATA[Edge]]>
              </value>
            </param>
          </params>
          <reporter-output>
          </reporter-output>
        </test-method> <!-- setUp -->
        <test-method signature="validateForgotPswd()[pri:0, instance:org.testCases.ForgotPasswordTest@53045c6c]" started-at="2023-01-20T18:41:09 IST" name="validateForgotPswd" finished-at="2023-01-20T18:41:13 IST" duration-ms="4225" status="PASS">
          <reporter-output>
          </reporter-output>
        </test-method> <!-- validateForgotPswd -->
        <test-method is-config="true" signature="assertthrow()[pri:0, instance:org.testCases.ForgotPasswordTest@53045c6c]" started-at="2023-01-20T18:41:13 IST" name="assertthrow" finished-at="2023-01-20T18:41:14 IST" duration-ms="898" status="PASS">
          <reporter-output>
          </reporter-output>
        </test-method> <!-- assertthrow -->
      </class> <!-- org.testCases.ForgotPasswordTest -->
    </test> <!-- Test -->
  </suite> <!-- Suite -->
</testng-results>
